<?xml version="1.0" encoding="UTF-8"?>
<testsuite xmlns:xsi="http://www.w3.org/2001/XMLSchema-instance" xsi:noNamespaceSchemaLocation="https://maven.apache.org/surefire/maven-surefire-plugin/xsd/surefire-test-report.xsd" version="3.0.2" name="com.gobi.Todo.TodoApplicationTests" time="69.531" tests="1" errors="0" skipped="0" failures="0">
  <properties>
[...]
</properties>
  <testcase name="contextLoads" classname="com.gobi.Todo.TodoApplicationTests" time="17.139">
    <system-out><![CDATA[07:47:08.548 [main] INFO org.springframework.test.context.support.AnnotationConfigContextLoaderUtils -- Could not detect default configuration classes for test class [com.gobi.Todo.TodoApplicationTests]: TodoApplicationTests does not declare any static, non-private, non-final, nested classes annotated with @Configuration.
07:47:11.533 [main] INFO org.springframework.boot.test.context.SpringBootTestContextBootstrapper -- Found @SpringBootConfiguration com.gobi.Todo.TodoApplication for test class com.gobi.Todo.TodoApplicationTests

  .   ____          _            __ _ _
 /\\ / ___'_ __ _ _(_)_ __  __ _ \ \ \ \
( ( )\___ | '_ | '_| | '_ \/ _` | \ \ \ \
 \\/  ___)| |_)| | | | | || (_| |  ) ) ) )
  '  |____| .__|_| |_|_| |_\__, | / / / /
 =========|_|==============|___/=/_/_/_/

 :: Spring Boot ::                (v3.4.5)

2025-05-23T07:47:21.636+05:30  INFO 3292 --- [Todo] [           main] com.gobi.Todo.TodoApplicationTests       : Starting TodoApplicationTests using Java 23.0.2 with PID 3292 (started by Lenova in E:\Project\Todo SpringBoot\server)
2025-05-23T07:47:21.636+05:30  INFO 3292 --- [Todo] [           main] com.gobi.Todo.TodoApplicationTests       : No active profile set, falling back to 1 default profile: "default"
2025-05-23T07:47:33.716+05:30  INFO 3292 --- [Todo] [           main] .s.d.r.c.RepositoryConfigurationDelegate : Bootstrapping Spring Data MongoDB repositories in DEFAULT mode.
2025-05-23T07:47:34.149+05:30  INFO 3292 --- [Todo] [           main] .s.d.r.c.RepositoryConfigurationDelegate : Finished Spring Data repository scanning in 394 ms. Found 2 MongoDB repository interfaces.
2025-05-23T07:47:42.071+05:30  INFO 3292 --- [Todo] [ypf.mongodb.net] org.mongodb.driver.cluster               : Adding discovered server gobinath-shard-00-00.0qypf.mongodb.net:27017 to client view of cluster
2025-05-23T07:47:42.257+05:30  INFO 3292 --- [Todo] [           main] org.mongodb.driver.client                : MongoClient with metadata {"application": {"name": "Gobinath"}, "driver": {"name": "mongo-java-driver|sync|spring-boot", "version": "5.2.1"}, "os": {"type": "Windows", "name": "Windows 10", "architecture": "amd64", "version": "10.0"}, "platform": "Java/Oracle Corporation/23.0.2+7-58"} created with settings MongoClientSettings{readPreference=primary, writeConcern=WriteConcern{w=majority, wTimeout=null ms, journal=null}, retryWrites=true, retryReads=true, readConcern=ReadConcern{level=null}, credential=MongoCredential{mechanism=null, userName='gobinath1019', source='admin', password=<hidden>, mechanismProperties=<hidden>}, transportSettings=null, commandListeners=[], codecRegistry=ProvidersCodecRegistry{codecProviders=[ValueCodecProvider{}, BsonValueCodecProvider{}, DBRefCodecProvider{}, DBObjectCodecProvider{}, DocumentCodecProvider{}, CollectionCodecProvider{}, IterableCodecProvider{}, MapCodecProvider{}, GeoJsonCodecProvider{}, GridFSFileCodecProvider{}, Jsr310CodecProvider{}, JsonObjectCodecProvider{}, BsonCodecProvider{}, EnumCodecProvider{}, com.mongodb.client.model.mql.ExpressionCodecProvider@4dadd690, com.mongodb.Jep395RecordCodecProvider@707e4fe4, com.mongodb.KotlinCodecProvider@3281dfc2]}, loggerSettings=LoggerSettings{maxDocumentLength=1000}, clusterSettings={hosts=[127.0.0.1:27017], srvHost=gobinath.0qypf.mongodb.net, srvServiceName=mongodb, mode=MULTIPLE, requiredClusterType=REPLICA_SET, requiredReplicaSetName='atlas-6iclrz-shard-0', serverSelector='null', clusterListeners='[]', serverSelectionTimeout='30000 ms', localThreshold='15 ms'}, socketSettings=SocketSettings{connectTimeoutMS=10000, readTimeoutMS=0, receiveBufferSize=0, proxySettings=ProxySettings{host=null, port=null, username=null, password=null}}, heartbeatSocketSettings=SocketSettings{connectTimeoutMS=10000, readTimeoutMS=10000, receiveBufferSize=0, proxySettings=ProxySettings{host=null, port=null, username=null, password=null}}, connectionPoolSettings=ConnectionPoolSettings{maxSize=100, minSize=0, maxWaitTimeMS=120000, maxConnectionLifeTimeMS=0, maxConnectionIdleTimeMS=0, maintenanceInitialDelayMS=0, maintenanceFrequencyMS=60000, connectionPoolListeners=[], maxConnecting=2}, serverSettings=ServerSettings{heartbeatFrequencyMS=10000, minHeartbeatFrequencyMS=500, serverMonitoringMode=AUTO, serverListeners='[]', serverMonitorListeners='[]'}, sslSettings=SslSettings{enabled=true, invalidHostNameAllowed=false, context=null}, applicationName='Gobinath', compressorList=[], uuidRepresentation=JAVA_LEGACY, serverApi=null, autoEncryptionSettings=null, dnsClient=null, inetAddressResolver=null, contextProvider=null, timeoutMS=null}
2025-05-23T07:47:42.412+05:30  INFO 3292 --- [Todo] [ypf.mongodb.net] org.mongodb.driver.cluster               : Adding discovered server gobinath-shard-00-01.0qypf.mongodb.net:27017 to client view of cluster
2025-05-23T07:47:42.428+05:30  INFO 3292 --- [Todo] [ypf.mongodb.net] org.mongodb.driver.cluster               : Adding discovered server gobinath-shard-00-02.0qypf.mongodb.net:27017 to client view of cluster
2025-05-23T07:47:48.814+05:30  INFO 3292 --- [Todo] [           main] eAuthenticationProviderManagerConfigurer : Global AuthenticationManager configured with AuthenticationProvider bean with name authenticationProvider
2025-05-23T07:47:48.830+05:30  WARN 3292 --- [Todo] [           main] r$InitializeUserDetailsManagerConfigurer : Global AuthenticationManager configured with an AuthenticationProvider bean. UserDetailsService beans will not be used by Spring Security for automatically configuring username/password login. Consider removing the AuthenticationProvider bean. Alternatively, consider using the UserDetailsService in a manually instantiated DaoAuthenticationProvider. If the current configuration is intentional, to turn off this warning, increase the logging level of 'org.springframework.security.config.annotation.authentication.configuration.InitializeUserDetailsBeanManagerConfigurer' to ERROR
2025-05-23T07:47:52.948+05:30  INFO 3292 --- [Todo] [ngodb.net:27017] org.mongodb.driver.cluster               : Monitor thread successfully connected to server with description ServerDescription{address=gobinath-shard-00-02.0qypf.mongodb.net:27017, type=REPLICA_SET_SECONDARY, cryptd=false, state=CONNECTED, ok=true, minWireVersion=0, maxWireVersion=25, maxDocumentSize=16777216, logicalSessionTimeoutMinutes=30, roundTripTimeNanos=4471004000, minRoundTripTimeNanos=0, setName='atlas-6iclrz-shard-0', canonicalAddress=gobinath-shard-00-02.0qypf.mongodb.net:27017, hosts=[gobinath-shard-00-02.0qypf.mongodb.net:27017, gobinath-shard-00-01.0qypf.mongodb.net:27017, gobinath-shard-00-00.0qypf.mongodb.net:27017], passives=[], arbiters=[], primary='gobinath-shard-00-01.0qypf.mongodb.net:27017', tagSet=TagSet{[Tag{name='availabilityZone', value='aps1-az2'}, Tag{name='diskState', value='READY'}, Tag{name='nodeType', value='ELECTABLE'}, Tag{name='provider', value='AWS'}, Tag{name='region', value='AP_SOUTH_1'}, Tag{name='workloadType', value='OPERATIONAL'}]}, electionId=null, setVersion=221, topologyVersion=TopologyVersion{processId=682cb184bcaa557d6086691c, counter=3}, lastWriteDate=Fri May 23 07:47:49 IST 2025, lastUpdateTimeNanos=3622779761000}
2025-05-23T07:47:52.948+05:30  INFO 3292 --- [Todo] [ngodb.net:27017] org.mongodb.driver.cluster               : Monitor thread successfully connected to server with description ServerDescription{address=gobinath-shard-00-01.0qypf.mongodb.net:27017, type=REPLICA_SET_PRIMARY, cryptd=false, state=CONNECTED, ok=true, minWireVersion=0, maxWireVersion=25, maxDocumentSize=16777216, logicalSessionTimeoutMinutes=30, roundTripTimeNanos=4466407500, minRoundTripTimeNanos=0, setName='atlas-6iclrz-shard-0', canonicalAddress=gobinath-shard-00-01.0qypf.mongodb.net:27017, hosts=[gobinath-shard-00-02.0qypf.mongodb.net:27017, gobinath-shard-00-01.0qypf.mongodb.net:27017, gobinath-shard-00-00.0qypf.mongodb.net:27017], passives=[], arbiters=[], primary='gobinath-shard-00-01.0qypf.mongodb.net:27017', tagSet=TagSet{[Tag{name='availabilityZone', value='aps1-az3'}, Tag{name='diskState', value='READY'}, Tag{name='nodeType', value='ELECTABLE'}, Tag{name='provider', value='AWS'}, Tag{name='region', value='AP_SOUTH_1'}, Tag{name='workloadType', value='OPERATIONAL'}]}, electionId=7fffffff0000000000000234, setVersion=221, topologyVersion=TopologyVersion{processId=682caf053c2f8b2091edc9e8, counter=6}, lastWriteDate=Fri May 23 07:47:49 IST 2025, lastUpdateTimeNanos=3622789957500}
2025-05-23T07:47:52.948+05:30  INFO 3292 --- [Todo] [ngodb.net:27017] org.mongodb.driver.cluster               : Monitor thread successfully connected to server with description ServerDescription{address=gobinath-shard-00-00.0qypf.mongodb.net:27017, type=REPLICA_SET_SECONDARY, cryptd=false, state=CONNECTED, ok=true, minWireVersion=0, maxWireVersion=25, maxDocumentSize=16777216, logicalSessionTimeoutMinutes=30, roundTripTimeNanos=4464593700, minRoundTripTimeNanos=0, setName='atlas-6iclrz-shard-0', canonicalAddress=gobinath-shard-00-00.0qypf.mongodb.net:27017, hosts=[gobinath-shard-00-02.0qypf.mongodb.net:27017, gobinath-shard-00-01.0qypf.mongodb.net:27017, gobinath-shard-00-00.0qypf.mongodb.net:27017], passives=[], arbiters=[], primary='gobinath-shard-00-01.0qypf.mongodb.net:27017', tagSet=TagSet{[Tag{name='availabilityZone', value='aps1-az1'}, Tag{name='diskState', value='READY'}, Tag{name='nodeType', value='ELECTABLE'}, Tag{name='provider', value='AWS'}, Tag{name='region', value='AP_SOUTH_1'}, Tag{name='workloadType', value='OPERATIONAL'}]}, electionId=null, setVersion=221, topologyVersion=TopologyVersion{processId=682cab17a78e9d7e729a1cc8, counter=4}, lastWriteDate=Fri May 23 07:47:49 IST 2025, lastUpdateTimeNanos=3622789957500}
2025-05-23T07:47:52.997+05:30  INFO 3292 --- [Todo] [ngodb.net:27017] org.mongodb.driver.cluster               : Discovered replica set primary gobinath-shard-00-01.0qypf.mongodb.net:27017 with max election id 7fffffff0000000000000234 and max set version 221
2025-05-23T07:47:57.635+05:30  INFO 3292 --- [Todo] [           main] com.gobi.Todo.TodoApplicationTests       : Started TodoApplicationTests in 41.772 seconds (process running for 57.069)
]]></system-out>
    <system-err><![CDATA[Mockito is currently self-attaching to enable the inline-mock-maker. This will no longer work in future releases of the JDK. Please add Mockito as an agent to your build what is described in Mockito's documentation: https://javadoc.io/doc/org.mockito/mockito-core/latest/org/mockito/Mockito.html#0.3
WARNING: A Java agent has been loaded dynamically (C:\Users\Lenova\.m2\repository\net\bytebuddy\byte-buddy-agent\1.15.11\byte-buddy-agent-1.15.11.jar)
WARNING: If a serviceability tool is in use, please run with -XX:+EnableDynamicAgentLoading to hide this warning
WARNING: If a serviceability tool is not in use, please run with -Djdk.instrument.traceUsage for more information
WARNING: Dynamic loading of agents will be disallowed by default in a future release
]]></system-err>
  </testcase>
</testsuite>